Dec 28 11:44:05 +0300 OX-5680f655c08b0 [    error]  Smarty error: the $compile_dir '/media/sf_mlad/www/bonuses/var/templates_compiled' does not exist, or is not a directory.
Dec 28 11:44:05 +0300 OX-5680f655c08b0 [  warning]  include(/media/sf_mlad/www/bonuses/var/templates_compiled/%%72^729^729250E1%%main.html.php): failed to open stream: No such file or directory
Dec 28 11:44:05 +0300 OX-5680f655c08b0 [  warning]  include(): Failed opening '/media/sf_mlad/www/bonuses/var/templates_compiled/%%72^729^729250E1%%main.html.php' for inclusion (include_path='/media/sf_mlad/www/bonuses/lib/pear:/media/sf_mlad/www/bonuses/lib:.:/usr/share/php:/usr/share/pear')
Dec 28 11:44:05 +0300 OX-5680f655c08b0 [    error]  Smarty error: the $compile_dir '/media/sf_mlad/www/bonuses/var/templates_compiled' does not exist, or is not a directory.
Dec 28 11:44:05 +0300 OX-5680f655c08b0 [  warning]  include(/media/sf_mlad/www/bonuses/var/templates_compiled/%%52^523^52372D8B%%styles.html.php): failed to open stream: No such file or directory
Dec 28 11:44:05 +0300 OX-5680f655c08b0 [  warning]  include(): Failed opening '/media/sf_mlad/www/bonuses/var/templates_compiled/%%52^523^52372D8B%%styles.html.php' for inclusion (include_path='/media/sf_mlad/www/bonuses/lib/pear:/media/sf_mlad/www/bonuses/lib:.:/usr/share/php:/usr/share/pear')
Dec 28 11:44:05 +0300 OX-5680f655c08b0 [    error]  Smarty error: the $compile_dir '/media/sf_mlad/www/bonuses/var/templates_compiled' does not exist, or is not a directory.
Dec 28 11:44:05 +0300 OX-5680f655c08b0 [  warning]  include(/media/sf_mlad/www/bonuses/var/templates_compiled/%%5F^5FF^5FF83613%%scripts.html.php): failed to open stream: No such file or directory
Dec 28 11:44:05 +0300 OX-5680f655c08b0 [  warning]  include(): Failed opening '/media/sf_mlad/www/bonuses/var/templates_compiled/%%5F^5FF^5FF83613%%scripts.html.php' for inclusion (include_path='/media/sf_mlad/www/bonuses/lib/pear:/media/sf_mlad/www/bonuses/lib:.:/usr/share/php:/usr/share/pear')
Dec 28 11:44:05 +0300 OX-5680f655c08b0 [    error]  Smarty error: the $compile_dir '/media/sf_mlad/www/bonuses/var/templates_compiled' does not exist, or is not a directory.
Dec 28 11:44:05 +0300 OX-5680f655c08b0 [  warning]  include(/media/sf_mlad/www/bonuses/var/templates_compiled/%%C6^C65^C65F6134%%branding.html.php): failed to open stream: No such file or directory
Dec 28 11:44:05 +0300 OX-5680f655c08b0 [  warning]  include(): Failed opening '/media/sf_mlad/www/bonuses/var/templates_compiled/%%C6^C65^C65F6134%%branding.html.php' for inclusion (include_path='/media/sf_mlad/www/bonuses/lib/pear:/media/sf_mlad/www/bonuses/lib:.:/usr/share/php:/usr/share/pear')
Dec 28 11:44:05 +0300 OX-5680f655c08b0 [    error]  Smarty error: the $compile_dir '/media/sf_mlad/www/bonuses/var/templates_compiled' does not exist, or is not a directory.
Dec 28 11:44:05 +0300 OX-5680f655c08b0 [  warning]  include(/media/sf_mlad/www/bonuses/var/templates_compiled/%%7C^7C5^7C541EE6%%content-header.html.php): failed to open stream: No such file or directory
Dec 28 11:44:05 +0300 OX-5680f655c08b0 [  warning]  include(): Failed opening '/media/sf_mlad/www/bonuses/var/templates_compiled/%%7C^7C5^7C541EE6%%content-header.html.php' for inclusion (include_path='/media/sf_mlad/www/bonuses/lib/pear:/media/sf_mlad/www/bonuses/lib:.:/usr/share/php:/usr/share/pear')
Dec 28 11:44:05 +0300 OX-5680f655c08b0 [    error]  Smarty error: the $compile_dir '/media/sf_mlad/www/bonuses/var/templates_compiled' does not exist, or is not a directory.
Dec 28 11:44:05 +0300 OX-5680f655c08b0 [  warning]  include(/media/sf_mlad/www/bonuses/var/templates_compiled/%%13^131^131103E5%%breadcrumbs-title.html.php): failed to open stream: No such file or directory
Dec 28 11:44:05 +0300 OX-5680f655c08b0 [  warning]  include(): Failed opening '/media/sf_mlad/www/bonuses/var/templates_compiled/%%13^131^131103E5%%breadcrumbs-title.html.php' for inclusion (include_path='/media/sf_mlad/www/bonuses/lib/pear:/media/sf_mlad/www/bonuses/lib:.:/usr/share/php:/usr/share/pear')
Dec 28 11:44:06 +0300 OX-5680f655c08b0 [    error]  Smarty error: the $compile_dir '/media/sf_mlad/www/bonuses/var/templates_compiled' does not exist, or is not a directory.
Dec 28 11:44:06 +0300 OX-5680f655c08b0 [  warning]  include(/media/sf_mlad/www/bonuses/var/templates_compiled/%%7C^7C3^7C37C96B%%section-navigation.html.php): failed to open stream: No such file or directory
Dec 28 11:44:06 +0300 OX-5680f655c08b0 [  warning]  include(): Failed opening '/media/sf_mlad/www/bonuses/var/templates_compiled/%%7C^7C3^7C37C96B%%section-navigation.html.php' for inclusion (include_path='/media/sf_mlad/www/bonuses/lib/pear:/media/sf_mlad/www/bonuses/lib:.:/usr/share/php:/usr/share/pear')
Dec 28 11:44:06 +0300 OX-5680f655c08b0 [    error]  Smarty error: the $compile_dir '/media/sf_mlad/www/bonuses/var/templates_compiled' does not exist, or is not a directory.
Dec 28 11:44:06 +0300 OX-5680f655c08b0 [  warning]  include(/media/sf_mlad/www/bonuses/var/templates_compiled/%%49^49A^49AC3D13%%welcome-step.html.php): failed to open stream: No such file or directory
Dec 28 11:44:06 +0300 OX-5680f655c08b0 [  warning]  include(): Failed opening '/media/sf_mlad/www/bonuses/var/templates_compiled/%%49^49A^49AC3D13%%welcome-step.html.php' for inclusion (include_path='/media/sf_mlad/www/bonuses/lib/pear:/media/sf_mlad/www/bonuses/lib:.:/usr/share/php:/usr/share/pear')
Dec 28 11:44:06 +0300 OX-5680f655c08b0 [    error]  Smarty error: the $compile_dir '/media/sf_mlad/www/bonuses/var/templates_compiled' does not exist, or is not a directory.
Dec 28 11:44:06 +0300 OX-5680f655c08b0 [  warning]  include(/media/sf_mlad/www/bonuses/var/templates_compiled/%%73^73C^73C71B62%%wizard-steps.html.php): failed to open stream: No such file or directory
Dec 28 11:44:06 +0300 OX-5680f655c08b0 [  warning]  include(): Failed opening '/media/sf_mlad/www/bonuses/var/templates_compiled/%%73^73C^73C71B62%%wizard-steps.html.php' for inclusion (include_path='/media/sf_mlad/www/bonuses/lib/pear:/media/sf_mlad/www/bonuses/lib:.:/usr/share/php:/usr/share/pear')
Dec 28 11:44:06 +0300 OX-5680f655c08b0 [    error]  Smarty error: the $compile_dir '/media/sf_mlad/www/bonuses/var/templates_compiled' does not exist, or is not a directory.
Dec 28 11:44:06 +0300 OX-5680f655c08b0 [  warning]  include(/media/sf_mlad/www/bonuses/var/templates_compiled/%%72^729^729250E1%%main.html.php): failed to open stream: No such file or directory
Dec 28 11:44:06 +0300 OX-5680f655c08b0 [  warning]  include(): Failed opening '/media/sf_mlad/www/bonuses/var/templates_compiled/%%72^729^729250E1%%main.html.php' for inclusion (include_path='/media/sf_mlad/www/bonuses/lib/pear:/media/sf_mlad/www/bonuses/lib:.:/usr/share/php:/usr/share/pear')
Dec 28 11:44:06 +0300 OX-5680f655c08b0 [    error]  Smarty error: the $compile_dir '/media/sf_mlad/www/bonuses/var/templates_compiled' does not exist, or is not a directory.
Dec 28 11:44:06 +0300 OX-5680f655c08b0 [  warning]  include(/media/sf_mlad/www/bonuses/var/templates_compiled/%%8D^8D7^8D794F90%%content-footer.html.php): failed to open stream: No such file or directory
Dec 28 11:44:06 +0300 OX-5680f655c08b0 [  warning]  include(): Failed opening '/media/sf_mlad/www/bonuses/var/templates_compiled/%%8D^8D7^8D794F90%%content-footer.html.php' for inclusion (include_path='/media/sf_mlad/www/bonuses/lib/pear:/media/sf_mlad/www/bonuses/lib:.:/usr/share/php:/usr/share/pear')
Dec 28 11:44:06 +0300 OX-5680f655c08b0 [    error]  Smarty error: the $compile_dir '/media/sf_mlad/www/bonuses/var/templates_compiled' does not exist, or is not a directory.
Dec 28 11:44:06 +0300 OX-5680f655c08b0 [  warning]  include(/media/sf_mlad/www/bonuses/var/templates_compiled/%%78^783^7838842A%%messages.html.php): failed to open stream: No such file or directory
Dec 28 11:44:06 +0300 OX-5680f655c08b0 [  warning]  include(): Failed opening '/media/sf_mlad/www/bonuses/var/templates_compiled/%%78^783^7838842A%%messages.html.php' for inclusion (include_path='/media/sf_mlad/www/bonuses/lib/pear:/media/sf_mlad/www/bonuses/lib:.:/usr/share/php:/usr/share/pear')
Dec 28 11:44:11 +0300 OX-5680f65b31a65 [    error]  Smarty error: the $compile_dir '/media/sf_mlad/www/bonuses/var/templates_compiled' does not exist, or is not a directory.
Dec 28 11:44:11 +0300 OX-5680f65b31a65 [  warning]  include(/media/sf_mlad/www/bonuses/var/templates_compiled/%%72^729^729250E1%%main.html.php): failed to open stream: No such file or directory
Dec 28 11:44:11 +0300 OX-5680f65b31a65 [  warning]  include(): Failed opening '/media/sf_mlad/www/bonuses/var/templates_compiled/%%72^729^729250E1%%main.html.php' for inclusion (include_path='/media/sf_mlad/www/bonuses/lib/pear:/media/sf_mlad/www/bonuses/lib:.:/usr/share/php:/usr/share/pear')
Dec 28 11:44:11 +0300 OX-5680f65b31a65 [    error]  Smarty error: the $compile_dir '/media/sf_mlad/www/bonuses/var/templates_compiled' does not exist, or is not a directory.
Dec 28 11:44:11 +0300 OX-5680f65b31a65 [  warning]  include(/media/sf_mlad/www/bonuses/var/templates_compiled/%%52^523^52372D8B%%styles.html.php): failed to open stream: No such file or directory
Dec 28 11:44:11 +0300 OX-5680f65b31a65 [  warning]  include(): Failed opening '/media/sf_mlad/www/bonuses/var/templates_compiled/%%52^523^52372D8B%%styles.html.php' for inclusion (include_path='/media/sf_mlad/www/bonuses/lib/pear:/media/sf_mlad/www/bonuses/lib:.:/usr/share/php:/usr/share/pear')
Dec 28 11:44:11 +0300 OX-5680f65b31a65 [    error]  Smarty error: the $compile_dir '/media/sf_mlad/www/bonuses/var/templates_compiled' does not exist, or is not a directory.
Dec 28 11:44:11 +0300 OX-5680f65b31a65 [  warning]  include(/media/sf_mlad/www/bonuses/var/templates_compiled/%%5F^5FF^5FF83613%%scripts.html.php): failed to open stream: No such file or directory
Dec 28 11:44:11 +0300 OX-5680f65b31a65 [  warning]  include(): Failed opening '/media/sf_mlad/www/bonuses/var/templates_compiled/%%5F^5FF^5FF83613%%scripts.html.php' for inclusion (include_path='/media/sf_mlad/www/bonuses/lib/pear:/media/sf_mlad/www/bonuses/lib:.:/usr/share/php:/usr/share/pear')
Dec 28 11:44:11 +0300 OX-5680f65b31a65 [    error]  Smarty error: the $compile_dir '/media/sf_mlad/www/bonuses/var/templates_compiled' does not exist, or is not a directory.
Dec 28 11:44:11 +0300 OX-5680f65b31a65 [  warning]  include(/media/sf_mlad/www/bonuses/var/templates_compiled/%%C6^C65^C65F6134%%branding.html.php): failed to open stream: No such file or directory
Dec 28 11:44:11 +0300 OX-5680f65b31a65 [  warning]  include(): Failed opening '/media/sf_mlad/www/bonuses/var/templates_compiled/%%C6^C65^C65F6134%%branding.html.php' for inclusion (include_path='/media/sf_mlad/www/bonuses/lib/pear:/media/sf_mlad/www/bonuses/lib:.:/usr/share/php:/usr/share/pear')
Dec 28 11:44:11 +0300 OX-5680f65b31a65 [    error]  Smarty error: the $compile_dir '/media/sf_mlad/www/bonuses/var/templates_compiled' does not exist, or is not a directory.
Dec 28 11:44:11 +0300 OX-5680f65b31a65 [  warning]  include(/media/sf_mlad/www/bonuses/var/templates_compiled/%%7C^7C5^7C541EE6%%content-header.html.php): failed to open stream: No such file or directory
Dec 28 11:44:11 +0300 OX-5680f65b31a65 [  warning]  include(): Failed opening '/media/sf_mlad/www/bonuses/var/templates_compiled/%%7C^7C5^7C541EE6%%content-header.html.php' for inclusion (include_path='/media/sf_mlad/www/bonuses/lib/pear:/media/sf_mlad/www/bonuses/lib:.:/usr/share/php:/usr/share/pear')
Dec 28 11:44:11 +0300 OX-5680f65b31a65 [    error]  Smarty error: the $compile_dir '/media/sf_mlad/www/bonuses/var/templates_compiled' does not exist, or is not a directory.
Dec 28 11:44:11 +0300 OX-5680f65b31a65 [  warning]  include(/media/sf_mlad/www/bonuses/var/templates_compiled/%%13^131^131103E5%%breadcrumbs-title.html.php): failed to open stream: No such file or directory
Dec 28 11:44:11 +0300 OX-5680f65b31a65 [  warning]  include(): Failed opening '/media/sf_mlad/www/bonuses/var/templates_compiled/%%13^131^131103E5%%breadcrumbs-title.html.php' for inclusion (include_path='/media/sf_mlad/www/bonuses/lib/pear:/media/sf_mlad/www/bonuses/lib:.:/usr/share/php:/usr/share/pear')
Dec 28 11:44:11 +0300 OX-5680f65b31a65 [    error]  Smarty error: the $compile_dir '/media/sf_mlad/www/bonuses/var/templates_compiled' does not exist, or is not a directory.
Dec 28 11:44:11 +0300 OX-5680f65b31a65 [  warning]  include(/media/sf_mlad/www/bonuses/var/templates_compiled/%%7C^7C3^7C37C96B%%section-navigation.html.php): failed to open stream: No such file or directory
Dec 28 11:44:11 +0300 OX-5680f65b31a65 [  warning]  include(): Failed opening '/media/sf_mlad/www/bonuses/var/templates_compiled/%%7C^7C3^7C37C96B%%section-navigation.html.php' for inclusion (include_path='/media/sf_mlad/www/bonuses/lib/pear:/media/sf_mlad/www/bonuses/lib:.:/usr/share/php:/usr/share/pear')
Dec 28 11:44:11 +0300 OX-5680f65b31a65 [    error]  Smarty error: the $compile_dir '/media/sf_mlad/www/bonuses/var/templates_compiled' does not exist, or is not a directory.
Dec 28 11:44:11 +0300 OX-5680f65b31a65 [  warning]  include(/media/sf_mlad/www/bonuses/var/templates_compiled/%%CA^CA0^CA064BAE%%check-step.html.php): failed to open stream: No such file or directory
Dec 28 11:44:11 +0300 OX-5680f65b31a65 [  warning]  include(): Failed opening '/media/sf_mlad/www/bonuses/var/templates_compiled/%%CA^CA0^CA064BAE%%check-step.html.php' for inclusion (include_path='/media/sf_mlad/www/bonuses/lib/pear:/media/sf_mlad/www/bonuses/lib:.:/usr/share/php:/usr/share/pear')
Dec 28 11:44:11 +0300 OX-5680f65b31a65 [    error]  Smarty error: the $compile_dir '/media/sf_mlad/www/bonuses/var/templates_compiled' does not exist, or is not a directory.
Dec 28 11:44:11 +0300 OX-5680f65b31a65 [  warning]  include(/media/sf_mlad/www/bonuses/var/templates_compiled/%%73^73C^73C71B62%%wizard-steps.html.php): failed to open stream: No such file or directory
Dec 28 11:44:11 +0300 OX-5680f65b31a65 [  warning]  include(): Failed opening '/media/sf_mlad/www/bonuses/var/templates_compiled/%%73^73C^73C71B62%%wizard-steps.html.php' for inclusion (include_path='/media/sf_mlad/www/bonuses/lib/pear:/media/sf_mlad/www/bonuses/lib:.:/usr/share/php:/usr/share/pear')
Dec 28 11:44:11 +0300 OX-5680f65b31a65 [    error]  Smarty error: the $compile_dir '/media/sf_mlad/www/bonuses/var/templates_compiled' does not exist, or is not a directory.
Dec 28 11:44:11 +0300 OX-5680f65b31a65 [  warning]  include(/media/sf_mlad/www/bonuses/var/templates_compiled/%%72^729^729250E1%%main.html.php): failed to open stream: No such file or directory
Dec 28 11:44:11 +0300 OX-5680f65b31a65 [  warning]  include(): Failed opening '/media/sf_mlad/www/bonuses/var/templates_compiled/%%72^729^729250E1%%main.html.php' for inclusion (include_path='/media/sf_mlad/www/bonuses/lib/pear:/media/sf_mlad/www/bonuses/lib:.:/usr/share/php:/usr/share/pear')
Dec 28 11:44:11 +0300 OX-5680f65b31a65 [    error]  Smarty error: the $compile_dir '/media/sf_mlad/www/bonuses/var/templates_compiled' does not exist, or is not a directory.
Dec 28 11:44:11 +0300 OX-5680f65b31a65 [  warning]  include(/media/sf_mlad/www/bonuses/var/templates_compiled/%%8D^8D7^8D794F90%%content-footer.html.php): failed to open stream: No such file or directory
Dec 28 11:44:11 +0300 OX-5680f65b31a65 [  warning]  include(): Failed opening '/media/sf_mlad/www/bonuses/var/templates_compiled/%%8D^8D7^8D794F90%%content-footer.html.php' for inclusion (include_path='/media/sf_mlad/www/bonuses/lib/pear:/media/sf_mlad/www/bonuses/lib:.:/usr/share/php:/usr/share/pear')
Dec 28 11:44:11 +0300 OX-5680f65b31a65 [    error]  Smarty error: the $compile_dir '/media/sf_mlad/www/bonuses/var/templates_compiled' does not exist, or is not a directory.
Dec 28 11:44:11 +0300 OX-5680f65b31a65 [  warning]  include(/media/sf_mlad/www/bonuses/var/templates_compiled/%%78^783^7838842A%%messages.html.php): failed to open stream: No such file or directory
Dec 28 11:44:11 +0300 OX-5680f65b31a65 [  warning]  include(): Failed opening '/media/sf_mlad/www/bonuses/var/templates_compiled/%%78^783^7838842A%%messages.html.php' for inclusion (include_path='/media/sf_mlad/www/bonuses/lib/pear:/media/sf_mlad/www/bonuses/lib:.:/usr/share/php:/usr/share/pear')
Dec 28 11:50:32 +0300 OX-5680f7d79750e [    error]  Unable to drop table rv_account_preference_assoc
Dec 28 11:50:32 +0300 OX-5680f7d79750e [    error]  Unable to drop the table account_preference_assoc
Dec 28 11:50:32 +0300 OX-5680f7d79750e [    error]  Unable to drop table rv_account_user_assoc
Dec 28 11:50:32 +0300 OX-5680f7d79750e [    error]  Unable to drop the table account_user_assoc
Dec 28 11:50:32 +0300 OX-5680f7d79750e [    error]  Unable to drop table rv_account_user_permission_assoc
Dec 28 11:50:32 +0300 OX-5680f7d79750e [    error]  Unable to drop the table account_user_permission_assoc
Dec 28 11:50:32 +0300 OX-5680f7d79750e [    error]  Unable to drop table rv_accounts
Dec 28 11:50:32 +0300 OX-5680f7d79750e [    error]  Unable to drop the table accounts
Dec 28 11:50:32 +0300 OX-5680f7d79750e [    error]  Unable to drop table rv_acls
Dec 28 11:50:32 +0300 OX-5680f7d79750e [    error]  Unable to drop the table acls
Dec 28 11:50:32 +0300 OX-5680f7d79750e [    error]  Unable to drop table rv_acls_channel
Dec 28 11:50:32 +0300 OX-5680f7d79750e [    error]  Unable to drop the table acls_channel
Dec 28 11:50:32 +0300 OX-5680f7d79750e [    error]  Unable to drop table rv_ad_category_assoc
Dec 28 11:50:32 +0300 OX-5680f7d79750e [    error]  Unable to drop the table ad_category_assoc
Dec 28 11:50:32 +0300 OX-5680f7d79750e [    error]  Unable to drop table rv_ad_zone_assoc
Dec 28 11:50:32 +0300 OX-5680f7d79750e [    error]  Unable to drop the table ad_zone_assoc
Dec 28 11:50:32 +0300 OX-5680f7d79750e [    error]  Unable to drop table rv_affiliates
Dec 28 11:50:32 +0300 OX-5680f7d79750e [    error]  Unable to drop the table affiliates
Dec 28 11:50:32 +0300 OX-5680f7d79750e [    error]  Unable to drop table rv_affiliates_extra
Dec 28 11:50:32 +0300 OX-5680f7d79750e [    error]  Unable to drop the table affiliates_extra
Dec 28 11:50:32 +0300 OX-5680f7d79750e [    error]  Unable to drop table rv_agency
Dec 28 11:50:32 +0300 OX-5680f7d79750e [    error]  Unable to drop the table agency
Dec 28 11:50:32 +0300 OX-5680f7d79750e [    error]  Unable to drop table rv_application_variable
Dec 28 11:50:32 +0300 OX-5680f7d79750e [    error]  Unable to drop the table application_variable
Dec 28 11:50:32 +0300 OX-5680f7d79750e [    error]  Unable to drop table rv_audit
Dec 28 11:50:32 +0300 OX-5680f7d79750e [    error]  Unable to drop the table audit
Dec 28 11:50:32 +0300 OX-5680f7d79750e [    error]  Unable to drop table rv_banners
Dec 28 11:50:32 +0300 OX-5680f7d79750e [    error]  Unable to drop the table banners
Dec 28 11:50:32 +0300 OX-5680f7d79750e [    error]  Unable to drop table rv_campaigns
Dec 28 11:50:32 +0300 OX-5680f7d79750e [    error]  Unable to drop the table campaigns
Dec 28 11:50:32 +0300 OX-5680f7d79750e [    error]  Unable to drop table rv_campaigns_trackers
Dec 28 11:50:32 +0300 OX-5680f7d79750e [    error]  Unable to drop the table campaigns_trackers
Dec 28 11:50:32 +0300 OX-5680f7d79750e [    error]  Unable to drop table rv_category
Dec 28 11:50:32 +0300 OX-5680f7d79750e [    error]  Unable to drop the table category
Dec 28 11:50:32 +0300 OX-5680f7d79750e [    error]  Unable to drop table rv_channel
Dec 28 11:50:32 +0300 OX-5680f7d79750e [    error]  Unable to drop the table channel
Dec 28 11:50:32 +0300 OX-5680f7d79750e [    error]  Unable to drop table rv_clients
Dec 28 11:50:32 +0300 OX-5680f7d79750e [    error]  Unable to drop the table clients
Dec 28 11:50:32 +0300 OX-5680f7d79750e [    error]  Unable to drop table rv_data_intermediate_ad
Dec 28 11:50:32 +0300 OX-5680f7d79750e [    error]  Unable to drop the table data_intermediate_ad
Dec 28 11:50:32 +0300 OX-5680f7d79750e [    error]  Unable to drop table rv_data_intermediate_ad_connection
Dec 28 11:50:32 +0300 OX-5680f7d79750e [    error]  Unable to drop the table data_intermediate_ad_connection
Dec 28 11:50:32 +0300 OX-5680f7d79750e [    error]  Unable to drop table rv_data_intermediate_ad_variable_value
Dec 28 11:50:32 +0300 OX-5680f7d79750e [    error]  Unable to drop the table data_intermediate_ad_variable_value
Dec 28 11:50:32 +0300 OX-5680f7d79750e [    error]  Unable to drop table rv_data_raw_ad_click
Dec 28 11:50:32 +0300 OX-5680f7d79750e [    error]  Unable to drop the table data_raw_ad_click
Dec 28 11:50:32 +0300 OX-5680f7d79750e [    error]  Unable to drop table rv_data_raw_ad_impression
Dec 28 11:50:32 +0300 OX-5680f7d79750e [    error]  Unable to drop the table data_raw_ad_impression
Dec 28 11:50:32 +0300 OX-5680f7d79750e [    error]  Unable to drop table rv_data_raw_ad_request
Dec 28 11:50:32 +0300 OX-5680f7d79750e [    error]  Unable to drop the table data_raw_ad_request
Dec 28 11:50:32 +0300 OX-5680f7d79750e [    error]  Unable to drop table rv_data_raw_tracker_impression
Dec 28 11:50:32 +0300 OX-5680f7d79750e [    error]  Unable to drop the table data_raw_tracker_impression
Dec 28 11:50:32 +0300 OX-5680f7d79750e [    error]  Unable to drop table rv_data_raw_tracker_variable_value
Dec 28 11:50:32 +0300 OX-5680f7d79750e [    error]  Unable to drop the table data_raw_tracker_variable_value
Dec 28 11:50:32 +0300 OX-5680f7d79750e [    error]  Unable to drop table rv_data_summary_ad_hourly
Dec 28 11:50:32 +0300 OX-5680f7d79750e [    error]  Unable to drop the table data_summary_ad_hourly
Dec 28 11:50:32 +0300 OX-5680f7d79750e [    error]  Unable to drop table rv_data_summary_ad_zone_assoc
Dec 28 11:50:32 +0300 OX-5680f7d79750e [    error]  Unable to drop the table data_summary_ad_zone_assoc
Dec 28 11:50:32 +0300 OX-5680f7d79750e [    error]  Unable to drop table rv_data_summary_channel_daily
Dec 28 11:50:32 +0300 OX-5680f7d79750e [    error]  Unable to drop the table data_summary_channel_daily
Dec 28 11:50:32 +0300 OX-5680f7d79750e [    error]  Unable to drop table rv_data_summary_zone_impression_history
Dec 28 11:50:32 +0300 OX-5680f7d79750e [    error]  Unable to drop the table data_summary_zone_impression_history
Dec 28 11:50:32 +0300 OX-5680f7d79750e [    error]  Unable to drop table rv_images
Dec 28 11:50:32 +0300 OX-5680f7d79750e [    error]  Unable to drop the table images
Dec 28 11:50:32 +0300 OX-5680f7d79750e [    error]  Unable to drop table rv_log_maintenance_forecasting
Dec 28 11:50:32 +0300 OX-5680f7d79750e [    error]  Unable to drop the table log_maintenance_forecasting
Dec 28 11:50:32 +0300 OX-5680f7d79750e [    error]  Unable to drop table rv_log_maintenance_priority
Dec 28 11:50:32 +0300 OX-5680f7d79750e [    error]  Unable to drop the table log_maintenance_priority
Dec 28 11:50:32 +0300 OX-5680f7d79750e [    error]  Unable to drop table rv_log_maintenance_statistics
Dec 28 11:50:32 +0300 OX-5680f7d79750e [    error]  Unable to drop the table log_maintenance_statistics
Dec 28 11:50:32 +0300 OX-5680f7d79750e [    error]  Unable to drop table rv_password_recovery
Dec 28 11:50:32 +0300 OX-5680f7d79750e [    error]  Unable to drop the table password_recovery
Dec 28 11:50:32 +0300 OX-5680f7d79750e [    error]  Unable to drop table rv_placement_zone_assoc
Dec 28 11:50:32 +0300 OX-5680f7d79750e [    error]  Unable to drop the table placement_zone_assoc
Dec 28 11:50:32 +0300 OX-5680f7d79750e [    error]  Unable to drop table rv_preferences
Dec 28 11:50:32 +0300 OX-5680f7d79750e [    error]  Unable to drop the table preferences
Dec 28 11:50:32 +0300 OX-5680f7d79750e [    error]  Unable to drop table rv_session
Dec 28 11:50:32 +0300 OX-5680f7d79750e [    error]  Unable to drop the table session
Dec 28 11:50:32 +0300 OX-5680f7d79750e [    error]  Unable to drop table rv_targetstats
Dec 28 11:50:32 +0300 OX-5680f7d79750e [    error]  Unable to drop the table targetstats
Dec 28 11:50:32 +0300 OX-5680f7d79750e [    error]  Unable to drop table rv_tracker_append
Dec 28 11:50:32 +0300 OX-5680f7d79750e [    error]  Unable to drop the table tracker_append
Dec 28 11:50:32 +0300 OX-5680f7d79750e [    error]  Unable to drop table rv_trackers
Dec 28 11:50:32 +0300 OX-5680f7d79750e [    error]  Unable to drop the table trackers
Dec 28 11:50:32 +0300 OX-5680f7d79750e [    error]  Unable to drop table rv_userlog
Dec 28 11:50:32 +0300 OX-5680f7d79750e [    error]  Unable to drop the table userlog
Dec 28 11:50:32 +0300 OX-5680f7d79750e [    error]  Unable to drop table rv_users
Dec 28 11:50:32 +0300 OX-5680f7d79750e [    error]  Unable to drop the table users
Dec 28 11:50:32 +0300 OX-5680f7d79750e [    error]  Unable to drop table rv_variable_publisher
Dec 28 11:50:32 +0300 OX-5680f7d79750e [    error]  Unable to drop the table variable_publisher
Dec 28 11:50:32 +0300 OX-5680f7d79750e [    error]  Unable to drop table rv_variables
Dec 28 11:50:32 +0300 OX-5680f7d79750e [    error]  Unable to drop the table variables
Dec 28 11:50:32 +0300 OX-5680f7d79750e [    error]  Unable to drop table rv_zones
Dec 28 11:50:32 +0300 OX-5680f7d79750e [    error]  Unable to drop the table zones
Dec 29 11:15:56 +0300 OX-5682413bc0e08 [    error]  Unable to drop table rv_account_preference_assoc
Dec 29 11:15:56 +0300 OX-5682413bc0e08 [    error]  Unable to drop the table account_preference_assoc
Dec 29 11:15:56 +0300 OX-5682413bc0e08 [    error]  Unable to drop table rv_account_user_assoc
Dec 29 11:15:56 +0300 OX-5682413bc0e08 [    error]  Unable to drop the table account_user_assoc
Dec 29 11:15:56 +0300 OX-5682413bc0e08 [    error]  Unable to drop table rv_account_user_permission_assoc
Dec 29 11:15:56 +0300 OX-5682413bc0e08 [    error]  Unable to drop the table account_user_permission_assoc
Dec 29 11:15:56 +0300 OX-5682413bc0e08 [    error]  Unable to drop table rv_accounts
Dec 29 11:15:56 +0300 OX-5682413bc0e08 [    error]  Unable to drop the table accounts
Dec 29 11:15:56 +0300 OX-5682413bc0e08 [    error]  Unable to drop table rv_acls
Dec 29 11:15:56 +0300 OX-5682413bc0e08 [    error]  Unable to drop the table acls
Dec 29 11:15:56 +0300 OX-5682413bc0e08 [    error]  Unable to drop table rv_acls_channel
Dec 29 11:15:56 +0300 OX-5682413bc0e08 [    error]  Unable to drop the table acls_channel
Dec 29 11:15:56 +0300 OX-5682413bc0e08 [    error]  Unable to drop table rv_ad_category_assoc
Dec 29 11:15:56 +0300 OX-5682413bc0e08 [    error]  Unable to drop the table ad_category_assoc
Dec 29 11:15:56 +0300 OX-5682413bc0e08 [    error]  Unable to drop table rv_ad_zone_assoc
Dec 29 11:15:56 +0300 OX-5682413bc0e08 [    error]  Unable to drop the table ad_zone_assoc
Dec 29 11:15:56 +0300 OX-5682413bc0e08 [    error]  Unable to drop table rv_affiliates
Dec 29 11:15:56 +0300 OX-5682413bc0e08 [    error]  Unable to drop the table affiliates
Dec 29 11:15:56 +0300 OX-5682413bc0e08 [    error]  Unable to drop table rv_affiliates_extra
Dec 29 11:15:56 +0300 OX-5682413bc0e08 [    error]  Unable to drop the table affiliates_extra
Dec 29 11:15:56 +0300 OX-5682413bc0e08 [    error]  Unable to drop table rv_agency
Dec 29 11:15:56 +0300 OX-5682413bc0e08 [    error]  Unable to drop the table agency
Dec 29 11:15:56 +0300 OX-5682413bc0e08 [    error]  Unable to drop table rv_application_variable
Dec 29 11:15:56 +0300 OX-5682413bc0e08 [    error]  Unable to drop the table application_variable
Dec 29 11:15:56 +0300 OX-5682413bc0e08 [    error]  Unable to drop table rv_audit
Dec 29 11:15:56 +0300 OX-5682413bc0e08 [    error]  Unable to drop the table audit
Dec 29 11:15:56 +0300 OX-5682413bc0e08 [    error]  Unable to drop table rv_banners
Dec 29 11:15:56 +0300 OX-5682413bc0e08 [    error]  Unable to drop the table banners
Dec 29 11:15:56 +0300 OX-5682413bc0e08 [    error]  Unable to drop table rv_campaigns
Dec 29 11:15:56 +0300 OX-5682413bc0e08 [    error]  Unable to drop the table campaigns
Dec 29 11:15:56 +0300 OX-5682413bc0e08 [    error]  Unable to drop table rv_campaigns_trackers
Dec 29 11:15:56 +0300 OX-5682413bc0e08 [    error]  Unable to drop the table campaigns_trackers
Dec 29 11:15:56 +0300 OX-5682413bc0e08 [    error]  Unable to drop table rv_category
Dec 29 11:15:56 +0300 OX-5682413bc0e08 [    error]  Unable to drop the table category
Dec 29 11:15:56 +0300 OX-5682413bc0e08 [    error]  Unable to drop table rv_channel
Dec 29 11:15:56 +0300 OX-5682413bc0e08 [    error]  Unable to drop the table channel
Dec 29 11:15:56 +0300 OX-5682413bc0e08 [    error]  Unable to drop table rv_clients
Dec 29 11:15:56 +0300 OX-5682413bc0e08 [    error]  Unable to drop the table clients
Dec 29 11:15:56 +0300 OX-5682413bc0e08 [    error]  Unable to drop table rv_data_intermediate_ad
Dec 29 11:15:56 +0300 OX-5682413bc0e08 [    error]  Unable to drop the table data_intermediate_ad
Dec 29 11:15:56 +0300 OX-5682413bc0e08 [    error]  Unable to drop table rv_data_intermediate_ad_connection
Dec 29 11:15:56 +0300 OX-5682413bc0e08 [    error]  Unable to drop the table data_intermediate_ad_connection
Dec 29 11:15:56 +0300 OX-5682413bc0e08 [    error]  Unable to drop table rv_data_intermediate_ad_variable_value
Dec 29 11:15:56 +0300 OX-5682413bc0e08 [    error]  Unable to drop the table data_intermediate_ad_variable_value
Dec 29 11:15:56 +0300 OX-5682413bc0e08 [    error]  Unable to drop table rv_data_raw_ad_click
Dec 29 11:15:56 +0300 OX-5682413bc0e08 [    error]  Unable to drop the table data_raw_ad_click
Dec 29 11:15:56 +0300 OX-5682413bc0e08 [    error]  Unable to drop table rv_data_raw_ad_impression
Dec 29 11:15:56 +0300 OX-5682413bc0e08 [    error]  Unable to drop the table data_raw_ad_impression
Dec 29 11:15:56 +0300 OX-5682413bc0e08 [    error]  Unable to drop table rv_data_raw_ad_request
Dec 29 11:15:56 +0300 OX-5682413bc0e08 [    error]  Unable to drop the table data_raw_ad_request
Dec 29 11:15:56 +0300 OX-5682413bc0e08 [    error]  Unable to drop table rv_data_raw_tracker_impression
Dec 29 11:15:56 +0300 OX-5682413bc0e08 [    error]  Unable to drop the table data_raw_tracker_impression
Dec 29 11:15:56 +0300 OX-5682413bc0e08 [    error]  Unable to drop table rv_data_raw_tracker_variable_value
Dec 29 11:15:56 +0300 OX-5682413bc0e08 [    error]  Unable to drop the table data_raw_tracker_variable_value
Dec 29 11:15:56 +0300 OX-5682413bc0e08 [    error]  Unable to drop table rv_data_summary_ad_hourly
Dec 29 11:15:56 +0300 OX-5682413bc0e08 [    error]  Unable to drop the table data_summary_ad_hourly
Dec 29 11:15:56 +0300 OX-5682413bc0e08 [    error]  Unable to drop table rv_data_summary_ad_zone_assoc
Dec 29 11:15:56 +0300 OX-5682413bc0e08 [    error]  Unable to drop the table data_summary_ad_zone_assoc
Dec 29 11:15:56 +0300 OX-5682413bc0e08 [    error]  Unable to drop table rv_data_summary_channel_daily
Dec 29 11:15:56 +0300 OX-5682413bc0e08 [    error]  Unable to drop the table data_summary_channel_daily
Dec 29 11:15:56 +0300 OX-5682413bc0e08 [    error]  Unable to drop table rv_data_summary_zone_impression_history
Dec 29 11:15:56 +0300 OX-5682413bc0e08 [    error]  Unable to drop the table data_summary_zone_impression_history
Dec 29 11:15:56 +0300 OX-5682413bc0e08 [    error]  Unable to drop table rv_images
Dec 29 11:15:56 +0300 OX-5682413bc0e08 [    error]  Unable to drop the table images
Dec 29 11:15:56 +0300 OX-5682413bc0e08 [    error]  Unable to drop table rv_log_maintenance_forecasting
Dec 29 11:15:56 +0300 OX-5682413bc0e08 [    error]  Unable to drop the table log_maintenance_forecasting
Dec 29 11:15:56 +0300 OX-5682413bc0e08 [    error]  Unable to drop table rv_log_maintenance_priority
Dec 29 11:15:56 +0300 OX-5682413bc0e08 [    error]  Unable to drop the table log_maintenance_priority
Dec 29 11:15:56 +0300 OX-5682413bc0e08 [    error]  Unable to drop table rv_log_maintenance_statistics
Dec 29 11:15:56 +0300 OX-5682413bc0e08 [    error]  Unable to drop the table log_maintenance_statistics
Dec 29 11:15:56 +0300 OX-5682413bc0e08 [    error]  Unable to drop table rv_password_recovery
Dec 29 11:15:56 +0300 OX-5682413bc0e08 [    error]  Unable to drop the table password_recovery
Dec 29 11:15:56 +0300 OX-5682413bc0e08 [    error]  Unable to drop table rv_placement_zone_assoc
Dec 29 11:15:56 +0300 OX-5682413bc0e08 [    error]  Unable to drop the table placement_zone_assoc
Dec 29 11:15:56 +0300 OX-5682413bc0e08 [    error]  Unable to drop table rv_preferences
Dec 29 11:15:56 +0300 OX-5682413bc0e08 [    error]  Unable to drop the table preferences
Dec 29 11:15:56 +0300 OX-5682413bc0e08 [    error]  Unable to drop table rv_session
Dec 29 11:15:56 +0300 OX-5682413bc0e08 [    error]  Unable to drop the table session
Dec 29 11:15:56 +0300 OX-5682413bc0e08 [    error]  Unable to drop table rv_targetstats
Dec 29 11:15:56 +0300 OX-5682413bc0e08 [    error]  Unable to drop the table targetstats
Dec 29 11:15:56 +0300 OX-5682413bc0e08 [    error]  Unable to drop table rv_tracker_append
Dec 29 11:15:56 +0300 OX-5682413bc0e08 [    error]  Unable to drop the table tracker_append
Dec 29 11:15:56 +0300 OX-5682413bc0e08 [    error]  Unable to drop table rv_trackers
Dec 29 11:15:56 +0300 OX-5682413bc0e08 [    error]  Unable to drop the table trackers
Dec 29 11:15:56 +0300 OX-5682413bc0e08 [    error]  Unable to drop table rv_userlog
Dec 29 11:15:56 +0300 OX-5682413bc0e08 [    error]  Unable to drop the table userlog
Dec 29 11:15:56 +0300 OX-5682413bc0e08 [    error]  Unable to drop table rv_users
Dec 29 11:15:56 +0300 OX-5682413bc0e08 [    error]  Unable to drop the table users
Dec 29 11:15:56 +0300 OX-5682413bc0e08 [    error]  Unable to drop table rv_variable_publisher
Dec 29 11:15:56 +0300 OX-5682413bc0e08 [    error]  Unable to drop the table variable_publisher
Dec 29 11:15:56 +0300 OX-5682413bc0e08 [    error]  Unable to drop table rv_variables
Dec 29 11:15:56 +0300 OX-5682413bc0e08 [    error]  Unable to drop the table variables
Dec 29 11:15:56 +0300 OX-5682413bc0e08 [    error]  Unable to drop table rv_zones
Dec 29 11:15:56 +0300 OX-5682413bc0e08 [    error]  Unable to drop the table zones
Dec 29 11:16:26 +0300 OX-plugins-5682415a35c76 [     info]  starting _checkPackageContents openXBannerTypes.xml
Dec 29 11:16:26 +0300 OX-plugins-5682415a35c76 [     info]  expecting definition openXBannerTypes.xml
Dec 29 11:16:26 +0300 OX-plugins-5682415a35c76 [     info]  detected plugin definition file /plugins/etc/openXBannerTypes.xml
Dec 29 11:16:26 +0300 OX-plugins-5682415a35c76 [     info]  detected group definition file /plugins/etc/oxText/oxText.xml
Dec 29 11:16:26 +0300 OX-plugins-5682415a35c76 [     info]  detected group definition file /plugins/etc/oxHtml/oxHtml.xml
Dec 29 11:16:26 +0300 OX-plugins-5682415a35c76 [     info]  Executing _checkOpenXCompatibility for oxHtml
Dec 29 11:16:26 +0300 OX-plugins-5682415a35c76 [     info]  Executing _checkSystemEnvironment for oxHtml
Dec 29 11:16:26 +0300 OX-plugins-5682415a35c76 [     info]  Executing _checkDatabaseEnvironment for oxHtml
Dec 29 11:16:26 +0300 OX-plugins-5682415a35c76 [     info]  Executing _runScript for oxHtml
Dec 29 11:16:26 +0300 OX-plugins-5682415a35c76 [     info]  Executing _checkDependenciesForInstallOrEnable for oxHtml
Dec 29 11:16:26 +0300 OX-plugins-5682415a35c76 [     info]  Executing _checkFiles for oxHtml
Dec 29 11:16:26 +0300 OX-plugins-5682415a35c76 [     info]  Executing _checkNavigationCheckers for oxHtml
Dec 29 11:16:26 +0300 OX-plugins-5682415a35c76 [     info]  Executing _checkMenus for oxHtml
Dec 29 11:16:26 +0300 OX-plugins-5682415a35c76 [     info]  Executing _registerSchema for oxHtml
Dec 29 11:16:26 +0300 OX-plugins-5682415a35c76 [     info]  Executing _registerPreferences for oxHtml
Dec 29 11:16:26 +0300 OX-plugins-5682415a35c76 [     info]  Executing _registerSettings for oxHtml
Dec 29 11:16:26 +0300 OX-plugins-5682415a35c76 [     info]  Executing disableComponentGroup for oxHtml
Dec 29 11:16:26 +0300 OX-plugins-5682415a35c76 [     info]  Executing _registerPluginVersion for oxHtml
Dec 29 11:16:26 +0300 OX-plugins-5682415a35c76 [     info]  Executing _runScript for oxHtml
Dec 29 11:16:26 +0300 OX-plugins-5682415a35c76 [     info]  Executing _checkOpenXCompatibility for oxText
Dec 29 11:16:26 +0300 OX-plugins-5682415a35c76 [     info]  Executing _checkSystemEnvironment for oxText
Dec 29 11:16:26 +0300 OX-plugins-5682415a35c76 [     info]  Executing _checkDatabaseEnvironment for oxText
Dec 29 11:16:26 +0300 OX-plugins-5682415a35c76 [     info]  Executing _runScript for oxText
Dec 29 11:16:26 +0300 OX-plugins-5682415a35c76 [     info]  Executing _checkDependenciesForInstallOrEnable for oxText
Dec 29 11:16:26 +0300 OX-plugins-5682415a35c76 [     info]  Executing _checkFiles for oxText
Dec 29 11:16:26 +0300 OX-plugins-5682415a35c76 [     info]  Executing _checkNavigationCheckers for oxText
Dec 29 11:16:26 +0300 OX-plugins-5682415a35c76 [     info]  Executing _checkMenus for oxText
Dec 29 11:16:26 +0300 OX-plugins-5682415a35c76 [     info]  Executing _registerSchema for oxText
Dec 29 11:16:26 +0300 OX-plugins-5682415a35c76 [     info]  Executing _registerPreferences for oxText
Dec 29 11:16:26 +0300 OX-plugins-5682415a35c76 [     info]  Executing _registerSettings for oxText
Dec 29 11:16:26 +0300 OX-plugins-5682415a35c76 [     info]  Executing disableComponentGroup for oxText
Dec 29 11:16:26 +0300 OX-plugins-5682415a35c76 [     info]  Executing _registerPluginVersion for oxText
Dec 29 11:16:26 +0300 OX-plugins-5682415a35c76 [     info]  Executing _runScript for oxText
Dec 29 11:16:29 +0300 OX-plugins-5682415d22193 [     info]  starting _checkPackageContents openXDeliveryLimitations.xml
Dec 29 11:16:29 +0300 OX-plugins-5682415d22193 [     info]  expecting definition openXDeliveryLimitations.xml
Dec 29 11:16:29 +0300 OX-plugins-5682415d22193 [     info]  detected group definition file /plugins/etc/Time/Time.xml
Dec 29 11:16:29 +0300 OX-plugins-5682415d22193 [     info]  detected group definition file /plugins/etc/Site/Site.xml
Dec 29 11:16:29 +0300 OX-plugins-5682415d22193 [     info]  detected group definition file /plugins/etc/Client/Client.xml
Dec 29 11:16:29 +0300 OX-plugins-5682415d22193 [     info]  detected plugin definition file /plugins/etc/openXDeliveryLimitations.xml
Dec 29 11:16:29 +0300 OX-plugins-5682415d22193 [     info]  detected group definition file /plugins/etc/Geo/Geo.xml
Dec 29 11:16:29 +0300 OX-plugins-5682415d22193 [     info]  Executing _checkOpenXCompatibility for Client
Dec 29 11:16:29 +0300 OX-plugins-5682415d22193 [     info]  Executing _checkSystemEnvironment for Client
Dec 29 11:16:29 +0300 OX-plugins-5682415d22193 [     info]  Executing _checkDatabaseEnvironment for Client
Dec 29 11:16:29 +0300 OX-plugins-5682415d22193 [     info]  Executing _runScript for Client
Dec 29 11:16:29 +0300 OX-plugins-5682415d22193 [     info]  Executing _checkDependenciesForInstallOrEnable for Client
Dec 29 11:16:29 +0300 OX-plugins-5682415d22193 [     info]  Executing _checkFiles for Client
Dec 29 11:16:29 +0300 OX-plugins-5682415d22193 [     info]  Executing _checkNavigationCheckers for Client
Dec 29 11:16:29 +0300 OX-plugins-5682415d22193 [     info]  Executing _checkMenus for Client
Dec 29 11:16:29 +0300 OX-plugins-5682415d22193 [     info]  Executing _registerSchema for Client
Dec 29 11:16:29 +0300 OX-plugins-5682415d22193 [     info]  Executing _registerPreferences for Client
Dec 29 11:16:29 +0300 OX-plugins-5682415d22193 [     info]  Executing _registerSettings for Client
Dec 29 11:16:29 +0300 OX-plugins-5682415d22193 [     info]  Executing disableComponentGroup for Client
Dec 29 11:16:29 +0300 OX-plugins-5682415d22193 [     info]  Executing _registerPluginVersion for Client
Dec 29 11:16:29 +0300 OX-plugins-5682415d22193 [     info]  Executing _runScript for Client
Dec 29 11:16:29 +0300 OX-plugins-5682415d22193 [     info]  Executing _checkOpenXCompatibility for Geo
Dec 29 11:16:29 +0300 OX-plugins-5682415d22193 [     info]  Executing _checkSystemEnvironment for Geo
Dec 29 11:16:29 +0300 OX-plugins-5682415d22193 [     info]  Executing _checkDatabaseEnvironment for Geo
Dec 29 11:16:29 +0300 OX-plugins-5682415d22193 [     info]  Executing _runScript for Geo
Dec 29 11:16:29 +0300 OX-plugins-5682415d22193 [     info]  Executing _checkDependenciesForInstallOrEnable for Geo
Dec 29 11:16:29 +0300 OX-plugins-5682415d22193 [     info]  Executing _checkFiles for Geo
Dec 29 11:16:29 +0300 OX-plugins-5682415d22193 [     info]  Executing _checkNavigationCheckers for Geo
Dec 29 11:16:29 +0300 OX-plugins-5682415d22193 [     info]  Executing _checkMenus for Geo
Dec 29 11:16:29 +0300 OX-plugins-5682415d22193 [     info]  Executing _registerSchema for Geo
Dec 29 11:16:29 +0300 OX-plugins-5682415d22193 [     info]  Executing _registerPreferences for Geo
Dec 29 11:16:29 +0300 OX-plugins-5682415d22193 [     info]  Executing _registerSettings for Geo
Dec 29 11:16:29 +0300 OX-plugins-5682415d22193 [     info]  Executing disableComponentGroup for Geo
Dec 29 11:16:29 +0300 OX-plugins-5682415d22193 [     info]  Executing _registerPluginVersion for Geo
Dec 29 11:16:29 +0300 OX-plugins-5682415d22193 [     info]  Executing _runScript for Geo
Dec 29 11:16:29 +0300 OX-plugins-5682415d22193 [     info]  Executing _checkOpenXCompatibility for Site
Dec 29 11:16:29 +0300 OX-plugins-5682415d22193 [     info]  Executing _checkSystemEnvironment for Site
Dec 29 11:16:29 +0300 OX-plugins-5682415d22193 [     info]  Executing _checkDatabaseEnvironment for Site
Dec 29 11:16:29 +0300 OX-plugins-5682415d22193 [     info]  Executing _runScript for Site
Dec 29 11:16:29 +0300 OX-plugins-5682415d22193 [     info]  Executing _checkDependenciesForInstallOrEnable for Site
Dec 29 11:16:29 +0300 OX-plugins-5682415d22193 [     info]  Executing _checkFiles for Site
Dec 29 11:16:29 +0300 OX-plugins-5682415d22193 [     info]  Executing _checkNavigationCheckers for Site
Dec 29 11:16:29 +0300 OX-plugins-5682415d22193 [     info]  Executing _checkMenus for Site
Dec 29 11:16:29 +0300 OX-plugins-5682415d22193 [     info]  Executing _registerSchema for Site
Dec 29 11:16:29 +0300 OX-plugins-5682415d22193 [     info]  Executing _registerPreferences for Site
Dec 29 11:16:29 +0300 OX-plugins-5682415d22193 [     info]  Executing _registerSettings for Site
Dec 29 11:16:29 +0300 OX-plugins-5682415d22193 [     info]  Executing disableComponentGroup for Site
Dec 29 11:16:29 +0300 OX-plugins-5682415d22193 [     info]  Executing _registerPluginVersion for Site
Dec 29 11:16:29 +0300 OX-plugins-5682415d22193 [     info]  Executing _runScript for Site
Dec 29 11:16:29 +0300 OX-plugins-5682415d22193 [     info]  Executing _checkOpenXCompatibility for Time
Dec 29 11:16:29 +0300 OX-plugins-5682415d22193 [     info]  Executing _checkSystemEnvironment for Time
Dec 29 11:16:29 +0300 OX-plugins-5682415d22193 [     info]  Executing _checkDatabaseEnvironment for Time
Dec 29 11:16:29 +0300 OX-plugins-5682415d22193 [     info]  Executing _runScript for Time
Dec 29 11:16:29 +0300 OX-plugins-5682415d22193 [     info]  Executing _checkDependenciesForInstallOrEnable for Time
Dec 29 11:16:29 +0300 OX-plugins-5682415d22193 [     info]  Executing _checkFiles for Time
Dec 29 11:16:29 +0300 OX-plugins-5682415d22193 [     info]  Executing _checkNavigationCheckers for Time
Dec 29 11:16:29 +0300 OX-plugins-5682415d22193 [     info]  Executing _checkMenus for Time
Dec 29 11:16:29 +0300 OX-plugins-5682415d22193 [     info]  Executing _registerSchema for Time
Dec 29 11:16:29 +0300 OX-plugins-5682415d22193 [     info]  Executing _registerPreferences for Time
Dec 29 11:16:29 +0300 OX-plugins-5682415d22193 [     info]  Executing _registerSettings for Time
Dec 29 11:16:29 +0300 OX-plugins-5682415d22193 [     info]  Executing disableComponentGroup for Time
Dec 29 11:16:29 +0300 OX-plugins-5682415d22193 [     info]  Executing _registerPluginVersion for Time
Dec 29 11:16:29 +0300 OX-plugins-5682415d22193 [     info]  Executing _runScript for Time
Dec 29 11:16:32 +0300 OX-plugins-568241602720d [     info]  starting _checkPackageContents openX3rdPartyServers.xml
Dec 29 11:16:32 +0300 OX-plugins-568241602720d [     info]  expecting definition openX3rdPartyServers.xml
Dec 29 11:16:32 +0300 OX-plugins-568241602720d [     info]  detected plugin definition file /plugins/etc/openX3rdPartyServers.xml
Dec 29 11:16:32 +0300 OX-plugins-568241602720d [     info]  detected group definition file /plugins/etc/ox3rdPartyServers/ox3rdPartyServers.xml
Dec 29 11:16:32 +0300 OX-plugins-568241602720d [     info]  Executing _checkOpenXCompatibility for ox3rdPartyServers
Dec 29 11:16:32 +0300 OX-plugins-568241602720d [     info]  Executing _checkSystemEnvironment for ox3rdPartyServers
Dec 29 11:16:32 +0300 OX-plugins-568241602720d [     info]  Executing _checkDatabaseEnvironment for ox3rdPartyServers
Dec 29 11:16:32 +0300 OX-plugins-568241602720d [     info]  Executing _runScript for ox3rdPartyServers
Dec 29 11:16:32 +0300 OX-plugins-568241602720d [     info]  Executing _checkDependenciesForInstallOrEnable for ox3rdPartyServers
Dec 29 11:16:32 +0300 OX-plugins-568241602720d [     info]  Executing _checkFiles for ox3rdPartyServers
Dec 29 11:16:32 +0300 OX-plugins-568241602720d [     info]  Executing _checkNavigationCheckers for ox3rdPartyServers
Dec 29 11:16:32 +0300 OX-plugins-568241602720d [     info]  Executing _checkMenus for ox3rdPartyServers
Dec 29 11:16:32 +0300 OX-plugins-568241602720d [     info]  Executing _registerSchema for ox3rdPartyServers
Dec 29 11:16:32 +0300 OX-plugins-568241602720d [     info]  Executing _registerPreferences for ox3rdPartyServers
Dec 29 11:16:32 +0300 OX-plugins-568241602720d [     info]  Executing _registerSettings for ox3rdPartyServers
Dec 29 11:16:32 +0300 OX-plugins-568241602720d [     info]  Executing disableComponentGroup for ox3rdPartyServers
Dec 29 11:16:32 +0300 OX-plugins-568241602720d [     info]  Executing _registerPluginVersion for ox3rdPartyServers
Dec 29 11:16:32 +0300 OX-plugins-568241602720d [     info]  Executing _runScript for ox3rdPartyServers
Dec 29 11:16:35 +0300 OX-plugins-568241631f963 [     info]  starting _checkPackageContents openXReports.xml
Dec 29 11:16:35 +0300 OX-plugins-568241631f963 [     info]  expecting definition openXReports.xml
Dec 29 11:16:35 +0300 OX-plugins-568241631f963 [     info]  detected group definition file /plugins/etc/oxReportsAdmin/oxReportsAdmin.xml
Dec 29 11:16:35 +0300 OX-plugins-568241631f963 [     info]  detected plugin definition file /plugins/etc/openXReports.xml
Dec 29 11:16:35 +0300 OX-plugins-568241631f963 [     info]  detected group definition file /plugins/etc/oxReportsStandard/oxReportsStandard.xml
Dec 29 11:16:35 +0300 OX-plugins-568241631f963 [     info]  Executing _checkOpenXCompatibility for oxReportsStandard
Dec 29 11:16:35 +0300 OX-plugins-568241631f963 [     info]  Executing _checkSystemEnvironment for oxReportsStandard
Dec 29 11:16:35 +0300 OX-plugins-568241631f963 [     info]  Executing _checkDatabaseEnvironment for oxReportsStandard
Dec 29 11:16:35 +0300 OX-plugins-568241631f963 [     info]  Executing _runScript for oxReportsStandard
Dec 29 11:16:35 +0300 OX-plugins-568241631f963 [     info]  Executing _checkDependenciesForInstallOrEnable for oxReportsStandard
Dec 29 11:16:35 +0300 OX-plugins-568241631f963 [     info]  Executing _checkFiles for oxReportsStandard
Dec 29 11:16:35 +0300 OX-plugins-568241631f963 [     info]  Executing _checkNavigationCheckers for oxReportsStandard
Dec 29 11:16:35 +0300 OX-plugins-568241631f963 [     info]  Executing _checkMenus for oxReportsStandard
Dec 29 11:16:35 +0300 OX-plugins-568241631f963 [     info]  Executing _registerSchema for oxReportsStandard
Dec 29 11:16:35 +0300 OX-plugins-568241631f963 [     info]  Executing _registerPreferences for oxReportsStandard
Dec 29 11:16:35 +0300 OX-plugins-568241631f963 [     info]  Executing _registerSettings for oxReportsStandard
Dec 29 11:16:35 +0300 OX-plugins-568241631f963 [     info]  Executing disableComponentGroup for oxReportsStandard
Dec 29 11:16:35 +0300 OX-plugins-568241631f963 [     info]  Executing _registerPluginVersion for oxReportsStandard
Dec 29 11:16:35 +0300 OX-plugins-568241631f963 [     info]  Executing _runScript for oxReportsStandard
Dec 29 11:16:35 +0300 OX-plugins-568241631f963 [     info]  Executing _checkOpenXCompatibility for oxReportsAdmin
Dec 29 11:16:35 +0300 OX-plugins-568241631f963 [     info]  Executing _checkSystemEnvironment for oxReportsAdmin
Dec 29 11:16:35 +0300 OX-plugins-568241631f963 [     info]  Executing _checkDatabaseEnvironment for oxReportsAdmin
Dec 29 11:16:35 +0300 OX-plugins-568241631f963 [     info]  Executing _runScript for oxReportsAdmin
Dec 29 11:16:35 +0300 OX-plugins-568241631f963 [     info]  Executing _checkDependenciesForInstallOrEnable for oxReportsAdmin
Dec 29 11:16:35 +0300 OX-plugins-568241631f963 [     info]  Executing _checkFiles for oxReportsAdmin
Dec 29 11:16:35 +0300 OX-plugins-568241631f963 [     info]  Executing _checkNavigationCheckers for oxReportsAdmin
Dec 29 11:16:35 +0300 OX-plugins-568241631f963 [     info]  Executing _checkMenus for oxReportsAdmin
Dec 29 11:16:35 +0300 OX-plugins-568241631f963 [     info]  Executing _registerSchema for oxReportsAdmin
Dec 29 11:16:35 +0300 OX-plugins-568241631f963 [     info]  Executing _registerPreferences for oxReportsAdmin
Dec 29 11:16:35 +0300 OX-plugins-568241631f963 [     info]  Executing _registerSettings for oxReportsAdmin
Dec 29 11:16:35 +0300 OX-plugins-568241631f963 [     info]  Executing disableComponentGroup for oxReportsAdmin
Dec 29 11:16:35 +0300 OX-plugins-568241631f963 [     info]  Executing _registerPluginVersion for oxReportsAdmin
Dec 29 11:16:35 +0300 OX-plugins-568241631f963 [     info]  Executing _runScript for oxReportsAdmin
Dec 29 11:16:38 +0300 OX-plugins-568241662e408 [     info]  starting _checkPackageContents openXDeliveryCacheStore.xml
Dec 29 11:16:38 +0300 OX-plugins-568241662e408 [     info]  expecting definition openXDeliveryCacheStore.xml
Dec 29 11:16:38 +0300 OX-plugins-568241662e408 [     info]  detected group definition file /plugins/etc/oxMemcached/oxMemcached.xml
Dec 29 11:16:38 +0300 OX-plugins-568241662e408 [     info]  detected plugin definition file /plugins/etc/openXDeliveryCacheStore.xml
Dec 29 11:16:38 +0300 OX-plugins-568241662e408 [     info]  detected group definition file /plugins/etc/oxCacheFile/oxCacheFile.xml
Dec 29 11:16:38 +0300 OX-plugins-568241662e408 [     info]  Executing _checkOpenXCompatibility for oxCacheFile
Dec 29 11:16:38 +0300 OX-plugins-568241662e408 [     info]  Executing _checkSystemEnvironment for oxCacheFile
Dec 29 11:16:38 +0300 OX-plugins-568241662e408 [     info]  Executing _checkDatabaseEnvironment for oxCacheFile
Dec 29 11:16:38 +0300 OX-plugins-568241662e408 [     info]  Executing _runScript for oxCacheFile
Dec 29 11:16:38 +0300 OX-plugins-568241662e408 [     info]  Executing _checkDependenciesForInstallOrEnable for oxCacheFile
Dec 29 11:16:38 +0300 OX-plugins-568241662e408 [     info]  Executing _checkFiles for oxCacheFile
Dec 29 11:16:38 +0300 OX-plugins-568241662e408 [     info]  Executing _checkNavigationCheckers for oxCacheFile
Dec 29 11:16:38 +0300 OX-plugins-568241662e408 [     info]  Executing _checkMenus for oxCacheFile
Dec 29 11:16:38 +0300 OX-plugins-568241662e408 [     info]  Executing _registerSchema for oxCacheFile
Dec 29 11:16:38 +0300 OX-plugins-568241662e408 [     info]  Executing _registerPreferences for oxCacheFile
Dec 29 11:16:38 +0300 OX-plugins-568241662e408 [     info]  Executing _registerSettings for oxCacheFile
Dec 29 11:16:38 +0300 OX-plugins-568241662e408 [     info]  Executing disableComponentGroup for oxCacheFile
Dec 29 11:16:38 +0300 OX-plugins-568241662e408 [     info]  Executing _registerPluginVersion for oxCacheFile
Dec 29 11:16:38 +0300 OX-plugins-568241662e408 [     info]  Executing _runScript for oxCacheFile
Dec 29 11:16:38 +0300 OX-plugins-568241662e408 [     info]  Executing _checkOpenXCompatibility for oxMemcached
Dec 29 11:16:38 +0300 OX-plugins-568241662e408 [     info]  Executing _checkSystemEnvironment for oxMemcached
Dec 29 11:16:38 +0300 OX-plugins-568241662e408 [     info]  Executing _checkDatabaseEnvironment for oxMemcached
Dec 29 11:16:38 +0300 OX-plugins-568241662e408 [     info]  Executing _runScript for oxMemcached
Dec 29 11:16:38 +0300 OX-plugins-568241662e408 [     info]  Executing _checkDependenciesForInstallOrEnable for oxMemcached
Dec 29 11:16:38 +0300 OX-plugins-568241662e408 [     info]  Executing _checkFiles for oxMemcached
Dec 29 11:16:38 +0300 OX-plugins-568241662e408 [     info]  Executing _checkNavigationCheckers for oxMemcached
Dec 29 11:16:38 +0300 OX-plugins-568241662e408 [     info]  Executing _checkMenus for oxMemcached
Dec 29 11:16:38 +0300 OX-plugins-568241662e408 [     info]  Executing _registerSchema for oxMemcached
Dec 29 11:16:38 +0300 OX-plugins-568241662e408 [     info]  Executing _registerPreferences for oxMemcached
Dec 29 11:16:38 +0300 OX-plugins-568241662e408 [     info]  Executing _registerSettings for oxMemcached
Dec 29 11:16:38 +0300 OX-plugins-568241662e408 [     info]  Executing disableComponentGroup for oxMemcached
Dec 29 11:16:38 +0300 OX-plugins-568241662e408 [     info]  Executing _registerPluginVersion for oxMemcached
Dec 29 11:16:38 +0300 OX-plugins-568241662e408 [     info]  Executing _runScript for oxMemcached
Dec 29 11:16:41 +0300 OX-plugins-5682416946bc4 [     info]  starting _checkPackageContents openXMaxMindGeoIP.xml
Dec 29 11:16:41 +0300 OX-plugins-5682416946bc4 [     info]  expecting definition openXMaxMindGeoIP.xml
Dec 29 11:16:41 +0300 OX-plugins-5682416946bc4 [     info]  detected plugin definition file /plugins/etc/openXMaxMindGeoIP.xml
Dec 29 11:16:41 +0300 OX-plugins-5682416946bc4 [     info]  detected group definition file /plugins/etc/oxMaxMindGeoIP/oxMaxMindGeoIP.xml
Dec 29 11:16:41 +0300 OX-plugins-5682416946bc4 [     info]  Executing _checkOpenXCompatibility for oxMaxMindGeoIP
Dec 29 11:16:41 +0300 OX-plugins-5682416946bc4 [     info]  Executing _checkSystemEnvironment for oxMaxMindGeoIP
Dec 29 11:16:41 +0300 OX-plugins-5682416946bc4 [     info]  Executing _checkDatabaseEnvironment for oxMaxMindGeoIP
Dec 29 11:16:41 +0300 OX-plugins-5682416946bc4 [     info]  Executing _runScript for oxMaxMindGeoIP
Dec 29 11:16:41 +0300 OX-plugins-5682416946bc4 [     info]  Executing _checkDependenciesForInstallOrEnable for oxMaxMindGeoIP
Dec 29 11:16:41 +0300 OX-plugins-5682416946bc4 [     info]  Executing _checkFiles for oxMaxMindGeoIP
Dec 29 11:16:41 +0300 OX-plugins-5682416946bc4 [     info]  Executing _checkNavigationCheckers for oxMaxMindGeoIP
Dec 29 11:16:41 +0300 OX-plugins-5682416946bc4 [     info]  Executing _checkMenus for oxMaxMindGeoIP
Dec 29 11:16:41 +0300 OX-plugins-5682416946bc4 [     info]  Executing _registerSchema for oxMaxMindGeoIP
Dec 29 11:16:41 +0300 OX-plugins-5682416946bc4 [     info]  Executing _registerPreferences for oxMaxMindGeoIP
Dec 29 11:16:41 +0300 OX-plugins-5682416946bc4 [     info]  Executing _registerSettings for oxMaxMindGeoIP
Dec 29 11:16:41 +0300 OX-plugins-5682416946bc4 [     info]  Executing disableComponentGroup for oxMaxMindGeoIP
Dec 29 11:16:41 +0300 OX-plugins-5682416946bc4 [     info]  Executing _registerPluginVersion for oxMaxMindGeoIP
Dec 29 11:16:41 +0300 OX-plugins-5682416946bc4 [     info]  Executing _runScript for oxMaxMindGeoIP
Dec 29 11:16:44 +0300 OX-plugins-5682416c41c29 [     info]  starting _checkPackageContents openXInvocationTags.xml
Dec 29 11:16:44 +0300 OX-plugins-5682416c41c29 [     info]  expecting definition openXInvocationTags.xml
Dec 29 11:16:44 +0300 OX-plugins-5682416c41c29 [     info]  detected group definition file /plugins/etc/oxInvocationTags/oxInvocationTags.xml
Dec 29 11:16:44 +0300 OX-plugins-5682416c41c29 [     info]  detected plugin definition file /plugins/etc/openXInvocationTags.xml
Dec 29 11:16:44 +0300 OX-plugins-5682416c41c29 [     info]  Executing _checkOpenXCompatibility for oxInvocationTags
Dec 29 11:16:44 +0300 OX-plugins-5682416c41c29 [     info]  Executing _checkSystemEnvironment for oxInvocationTags
Dec 29 11:16:44 +0300 OX-plugins-5682416c41c29 [     info]  Executing _checkDatabaseEnvironment for oxInvocationTags
Dec 29 11:16:44 +0300 OX-plugins-5682416c41c29 [     info]  Executing _runScript for oxInvocationTags
Dec 29 11:16:44 +0300 OX-plugins-5682416c41c29 [     info]  Executing _checkDependenciesForInstallOrEnable for oxInvocationTags
Dec 29 11:16:44 +0300 OX-plugins-5682416c41c29 [     info]  Executing _checkFiles for oxInvocationTags
Dec 29 11:16:44 +0300 OX-plugins-5682416c41c29 [     info]  Executing _checkNavigationCheckers for oxInvocationTags
Dec 29 11:16:44 +0300 OX-plugins-5682416c41c29 [     info]  Executing _checkMenus for oxInvocationTags
Dec 29 11:16:44 +0300 OX-plugins-5682416c41c29 [     info]  Executing _registerSchema for oxInvocationTags
Dec 29 11:16:44 +0300 OX-plugins-5682416c41c29 [     info]  Executing _registerPreferences for oxInvocationTags
Dec 29 11:16:44 +0300 OX-plugins-5682416c41c29 [     info]  Executing _registerSettings for oxInvocationTags
Dec 29 11:16:44 +0300 OX-plugins-5682416c41c29 [     info]  Executing disableComponentGroup for oxInvocationTags
Dec 29 11:16:44 +0300 OX-plugins-5682416c41c29 [     info]  Executing _registerPluginVersion for oxInvocationTags
Dec 29 11:16:44 +0300 OX-plugins-5682416c41c29 [     info]  Executing _runScript for oxInvocationTags
Dec 29 11:16:47 +0300 OX-plugins-5682416f8621c [     info]  starting _checkPackageContents openXDeliveryLog.xml
Dec 29 11:16:47 +0300 OX-plugins-5682416f8621c [     info]  expecting definition openXDeliveryLog.xml
Dec 29 11:16:47 +0300 OX-plugins-5682416f8621c [     info]  detected plugin definition file /plugins/etc/openXDeliveryLog.xml
Dec 29 11:16:47 +0300 OX-plugins-5682416f8621c [     info]  detected group definition file /plugins/etc/oxLogRequest/oxLogRequest.xml
Dec 29 11:16:47 +0300 OX-plugins-5682416f8621c [     info]  detected group definition file /plugins/etc/oxLogConversion/oxLogConversion.xml
Dec 29 11:16:47 +0300 OX-plugins-5682416f8621c [     info]  detected group definition file /plugins/etc/oxLogImpression/oxLogImpression.xml
Dec 29 11:16:47 +0300 OX-plugins-5682416f8621c [     info]  detected group definition file /plugins/etc/oxLogClick/oxLogClick.xml
Dec 29 11:16:47 +0300 OX-plugins-5682416f8621c [     info]  detected group definition file /plugins/etc/oxDeliveryDataPrepare/oxDeliveryDataPrepare.xml
Dec 29 11:16:47 +0300 OX-plugins-5682416f8621c [     info]  Executing _checkOpenXCompatibility for oxDeliveryDataPrepare
Dec 29 11:16:47 +0300 OX-plugins-5682416f8621c [     info]  Executing _checkSystemEnvironment for oxDeliveryDataPrepare
Dec 29 11:16:47 +0300 OX-plugins-5682416f8621c [     info]  Executing _checkDatabaseEnvironment for oxDeliveryDataPrepare
Dec 29 11:16:47 +0300 OX-plugins-5682416f8621c [     info]  Executing _runScript for oxDeliveryDataPrepare
Dec 29 11:16:47 +0300 OX-plugins-5682416f8621c [     info]  Executing _checkDependenciesForInstallOrEnable for oxDeliveryDataPrepare
Dec 29 11:16:47 +0300 OX-plugins-5682416f8621c [     info]  Executing _checkFiles for oxDeliveryDataPrepare
Dec 29 11:16:47 +0300 OX-plugins-5682416f8621c [     info]  Executing _checkNavigationCheckers for oxDeliveryDataPrepare
Dec 29 11:16:47 +0300 OX-plugins-5682416f8621c [     info]  Executing _checkMenus for oxDeliveryDataPrepare
Dec 29 11:16:47 +0300 OX-plugins-5682416f8621c [     info]  Executing _registerSchema for oxDeliveryDataPrepare
Dec 29 11:16:47 +0300 OX-plugins-5682416f8621c [    error]  Invalid source path to plugin dataobjects /home/admin/sites/mladenec/www/bonuses/var/plugins/DataObjects/
Dec 29 11:16:47 +0300 OX-plugins-5682416f8621c [    error]  Failed to implement dataobjects for oxDeliveryDataPrepare
Dec 29 11:16:47 +0300 OX-plugins-5682416f8621c [    error]  Task failed _registerSchema
Dec 29 11:16:47 +0300 OX-plugins-5682416f8621c [     info]  Executing _runScript for oxDeliveryDataPrepare
Dec 29 11:16:47 +0300 OX-plugins-5682416f8621c [     info]  Executing _unregisterPluginVersion for oxDeliveryDataPrepare
Dec 29 11:16:47 +0300 OX-plugins-5682416f8621c [     info]  Executing _unregisterPreferences for oxDeliveryDataPrepare
Dec 29 11:16:47 +0300 OX-plugins-5682416f8621c [     info]  Executing _unregisterSettings for oxDeliveryDataPrepare
Dec 29 11:16:47 +0300 OX-plugins-5682416f8621c [     info]  Executing _unregisterSchema for oxDeliveryDataPrepare
Dec 29 11:16:47 +0300 OX-plugins-5682416f8621c [    error]  Unable to drop table rv_data_bkt_c
Dec 29 11:16:47 +0300 OX-plugins-5682416f8621c [    error]  Unable to drop table rv_data_bkt_m
Dec 29 11:16:47 +0300 OX-plugins-5682416f8621c [    error]  Unable to drop table rv_data_bkt_r
Dec 29 11:16:47 +0300 OX-plugins-5682416f8621c [    error]  Unable to drop table rv_data_bkt_a
Dec 29 11:16:47 +0300 OX-plugins-5682416f8621c [    error]  Unable to drop table rv_data_bkt_a_var
Dec 29 11:16:47 +0300 OX-plugins-5682416f8621c [    error]  Failed to write /home/admin/sites/mladenec/www/bonuses/var/plugins/DataObjects/db_schema.ini
Dec 29 11:16:47 +0300 OX-plugins-5682416f8621c [    error]  Failed to recreate old dataobject cache
Dec 29 11:16:47 +0300 OX-plugins-5682416f8621c [    error]  Invalid source path to plugin dataobjects /home/admin/sites/mladenec/www/bonuses/var/plugins/DataObjects/ for oxDeliveryDataPrepare
Dec 29 11:16:47 +0300 OX-plugins-5682416f8621c [    error]  Failed to remove dataobjects for oxDeliveryDataPrepare
Dec 29 11:16:47 +0300 OX-plugins-5682416f8621c [     info]  Executing _runScript for oxDeliveryDataPrepare
Dec 29 11:16:47 +0300 OX-plugins-5682416f8621c [     info]  Executing _removeFiles for oxDeliveryDataPrepare
Dec 29 11:16:47 +0300 OX-plugins-5682416f8621c [    error]  Failed to install oxDeliveryDataPrepare
Dec 29 11:16:47 +0300 OX-plugins-5682416f8621c [    error]  Failed to install plugins for package openXDeliveryLog
Dec 29 11:16:47 +0300 OX-plugins-5682416f8621c [     info]  Executing _runScript for oxDeliveryDataPrepare
Dec 29 11:16:47 +0300 OX-plugins-5682416f8621c [     info]  Executing _unregisterPluginVersion for oxDeliveryDataPrepare
Dec 29 11:16:47 +0300 OX-plugins-5682416f8621c [     info]  Executing _unregisterPreferences for oxDeliveryDataPrepare
Dec 29 11:16:47 +0300 OX-plugins-5682416f8621c [     info]  Executing _unregisterSettings for oxDeliveryDataPrepare
Dec 29 11:16:47 +0300 OX-plugins-5682416f8621c [     info]  Executing _unregisterSchema for oxDeliveryDataPrepare
Dec 29 11:16:47 +0300 OX-plugins-5682416f8621c [    error]  Unable to read the database XML schema file: /home/admin/sites/mladenec/www/bonuses/plugins/etc/oxDeliveryDataPrepare/etc/tables_oxDeliveryDataPrepare.xml
Dec 29 11:16:47 +0300 OX-plugins-5682416f8621c [    error]  Failed to initialise table class for oxDeliveryDataPrepare
Dec 29 11:16:47 +0300 OX-plugins-5682416f8621c [    error]  Failed to drop tables for oxDeliveryDataPrepare
Dec 29 11:16:47 +0300 OX-plugins-5682416f8621c [    error]  Task failed _unregisterSchema
Dec 29 11:16:47 +0300 OX-plugins-5682416f8621c [    error]  Failed to uninstall oxDeliveryDataPrepare
Dec 29 11:16:51 +0300 OX-plugins-5682417386350 [     info]  starting _checkPackageContents openXVideoAds.xml
Dec 29 11:16:51 +0300 OX-plugins-5682417386350 [     info]  expecting definition openXVideoAds.xml
Dec 29 11:16:51 +0300 OX-plugins-5682417386350 [     info]  detected group definition file /plugins/etc/videoReport/videoReport.xml
Dec 29 11:16:51 +0300 OX-plugins-5682417386350 [     info]  detected group definition file /plugins/etc/oxLogVast/oxLogVast.xml
Dec 29 11:16:51 +0300 OX-plugins-5682417386350 [     info]  detected plugin definition file /plugins/etc/openXVideoAds.xml
Dec 29 11:16:51 +0300 OX-plugins-5682417386350 [     info]  detected group definition file /plugins/etc/vastInlineBannerTypeHtml/vastInlineBannerTypeHtml.xml
Dec 29 11:16:51 +0300 OX-plugins-5682417386350 [     info]  detected group definition file /plugins/etc/vastServeVideoPlayer/vastServeVideoPlayer.xml
Dec 29 11:16:51 +0300 OX-plugins-5682417386350 [     info]  detected group definition file /plugins/etc/vastOverlayBannerTypeHtml/vastOverlayBannerTypeHtml.xml
Dec 29 11:16:51 +0300 OX-plugins-5682417386350 [     info]  Executing _checkOpenXCompatibility for vastInlineBannerTypeHtml
Dec 29 11:16:51 +0300 OX-plugins-5682417386350 [     info]  Executing _checkSystemEnvironment for vastInlineBannerTypeHtml
Dec 29 11:16:51 +0300 OX-plugins-5682417386350 [     info]  Executing _checkDatabaseEnvironment for vastInlineBannerTypeHtml
Dec 29 11:16:51 +0300 OX-plugins-5682417386350 [     info]  Executing _runScript for vastInlineBannerTypeHtml
Dec 29 11:16:51 +0300 OX-plugins-5682417386350 [     info]  Executing _checkDependenciesForInstallOrEnable for vastInlineBannerTypeHtml
Dec 29 11:16:51 +0300 OX-plugins-5682417386350 [     info]  Executing _checkFiles for vastInlineBannerTypeHtml
Dec 29 11:16:51 +0300 OX-plugins-5682417386350 [     info]  Executing _checkNavigationCheckers for vastInlineBannerTypeHtml
Dec 29 11:16:51 +0300 OX-plugins-5682417386350 [     info]  Executing _checkMenus for vastInlineBannerTypeHtml
Dec 29 11:16:51 +0300 OX-plugins-5682417386350 [     info]  Executing _registerSchema for vastInlineBannerTypeHtml
Dec 29 11:16:51 +0300 OX-plugins-5682417386350 [    error]  Invalid source path to plugin dataobjects /home/admin/sites/mladenec/www/bonuses/var/plugins/DataObjects/
Dec 29 11:16:51 +0300 OX-plugins-5682417386350 [    error]  Failed to implement dataobjects for vastInlineBannerTypeHtml
Dec 29 11:16:51 +0300 OX-plugins-5682417386350 [    error]  Task failed _registerSchema
Dec 29 11:16:51 +0300 OX-plugins-5682417386350 [     info]  Executing _runScript for vastInlineBannerTypeHtml
Dec 29 11:16:51 +0300 OX-plugins-5682417386350 [     info]  Executing _unregisterPluginVersion for vastInlineBannerTypeHtml
Dec 29 11:16:51 +0300 OX-plugins-5682417386350 [     info]  Executing _unregisterPreferences for vastInlineBannerTypeHtml
Dec 29 11:16:51 +0300 OX-plugins-5682417386350 [     info]  Executing _unregisterSettings for vastInlineBannerTypeHtml
Dec 29 11:16:51 +0300 OX-plugins-5682417386350 [     info]  Executing _unregisterSchema for vastInlineBannerTypeHtml
Dec 29 11:16:51 +0300 OX-plugins-5682417386350 [    error]  Unable to drop table rv_banner_vast_element
Dec 29 11:16:51 +0300 OX-plugins-5682417386350 [    error]  Unable to drop table rv_data_bkt_vast_e
Dec 29 11:16:51 +0300 OX-plugins-5682417386350 [    error]  Unable to drop table rv_stats_vast
Dec 29 11:16:51 +0300 OX-plugins-5682417386350 [    error]  Failed to write /home/admin/sites/mladenec/www/bonuses/var/plugins/DataObjects/db_schema.ini
Dec 29 11:16:51 +0300 OX-plugins-5682417386350 [    error]  Failed to recreate old dataobject cache
Dec 29 11:16:51 +0300 OX-plugins-5682417386350 [    error]  Invalid source path to plugin dataobjects /home/admin/sites/mladenec/www/bonuses/var/plugins/DataObjects/ for vastInlineBannerTypeHtml
Dec 29 11:16:51 +0300 OX-plugins-5682417386350 [    error]  Failed to remove dataobjects for vastInlineBannerTypeHtml
Dec 29 11:16:51 +0300 OX-plugins-5682417386350 [     info]  Executing _runScript for vastInlineBannerTypeHtml
Dec 29 11:16:51 +0300 OX-plugins-5682417386350 [     info]  Executing _removeFiles for vastInlineBannerTypeHtml
Dec 29 11:16:51 +0300 OX-plugins-5682417386350 [    error]  Failed to install vastInlineBannerTypeHtml
Dec 29 11:16:51 +0300 OX-plugins-5682417386350 [    error]  Failed to install plugins for package openXVideoAds
Dec 29 11:16:51 +0300 OX-plugins-5682417386350 [     info]  Executing _runScript for vastInlineBannerTypeHtml
Dec 29 11:16:51 +0300 OX-plugins-5682417386350 [     info]  Executing _unregisterPluginVersion for vastInlineBannerTypeHtml
Dec 29 11:16:51 +0300 OX-plugins-5682417386350 [     info]  Executing _unregisterPreferences for vastInlineBannerTypeHtml
Dec 29 11:16:51 +0300 OX-plugins-5682417386350 [     info]  Executing _unregisterSettings for vastInlineBannerTypeHtml
Dec 29 11:16:51 +0300 OX-plugins-5682417386350 [     info]  Executing _unregisterSchema for vastInlineBannerTypeHtml
Dec 29 11:16:51 +0300 OX-plugins-5682417386350 [    error]  Unable to read the database XML schema file: /home/admin/sites/mladenec/www/bonuses/plugins/etc/vastInlineBannerTypeHtml/etc/tables_vastbannertypehtml.xml
Dec 29 11:16:51 +0300 OX-plugins-5682417386350 [    error]  Failed to initialise table class for vastInlineBannerTypeHtml
Dec 29 11:16:51 +0300 OX-plugins-5682417386350 [    error]  Failed to drop tables for vastInlineBannerTypeHtml
Dec 29 11:16:51 +0300 OX-plugins-5682417386350 [    error]  Task failed _unregisterSchema
Dec 29 11:16:51 +0300 OX-plugins-5682417386350 [    error]  Failed to uninstall vastInlineBannerTypeHtml
