Installation started 2015-12-28 11:50:31
Attempting to connect to database revive with user zukk
Connected to database revive
Database settings and permissions are OK
creating upgrade_action audit table
successfully created upgrade_action audit table
creating database_action audit table
successfully created database_action audit table
schema definition from cache TRUE
Installation created the core tables
Installation updated the schema version to 620
Installation updated the application version to 3.2.2
Preparing to set timezone preference...
Found timezone preference ID of 16
Found the admin account's timezone association, updating preference...
Updated the admin account timezone preference to: 'Europe/Moscow'
#! openXBannerTypes(): Permissions error
#! openXDeliveryLimitations(): Permissions error
#! openX3rdPartyServers(): Permissions error
#! openXReports(): Permissions error
#! openXDeliveryCacheStore(): Permissions error
#! openXMaxMindGeoIP(): Permissions error
#! openXInvocationTags(): Permissions error
#! openXDeliveryLog(): Permissions error
#! openXVideoAds(): Permissions error
=========================================================================
Attempting to detect an existing Openads (aka. phpAdsNew) installation...
PAN not detected
Attempting to detect an existing Openads (aka. Max Media Manager 0.1) installation...
MMM v0.1 not detected
Attempting to detect an existing Openads (aka. Max Media Manager 0.3) installation...
MMM v0.3 not detected
Attempting to detect an existing Revive Adserver installation...
Revive Adserver 3.2.2 detected
This version is up to date.
